Сборка начата 05.12.2024 15:38:04.
Уровень детализации журнала: Normal.     1>Проект "C:\Users\ugl18\source\repos\lab14\3\3.vcxproj" в узле 2 (целевые объекты Build).
     1>PrepareForBuild:
         Структурированный вывод включен. Форматирование диагностики компилятора будет отражать иерархию ошибок. Подробнее см. https://aka.ms/cpp/structured-output.
       InitializeBuildStatus:
         Создание "x64\Debug\3.tlog\unsuccessfulbuild", так как было задано "AlwaysCreate".
         Обращение к "x64\Debug\3.tlog\unsuccessfulbuild".
       ClCompile:
         D:\visual studio\Community\VC\Tools\MSVC\14.41.34120\bin\HostX64\x64\CL.exe /c /ZI /JMC /nologo /W3 /WX- /diagnostics:column /sdl /Od /D _DEBUG /D _CONSOLE /D _UNICODE /D UNICODE /Gm- /EHsc /RTC1 /MDd /GS /fp:precise /Zc:wchar_t /Zc:forScope /Zc:inline /permissive- /Fo"x64\Debug\\" /Fd"x64\Debug\vc143.pdb" /external:W3 /Gd /TP /FC /errorReport:prompt Source.cpp
         Source.cpp
     1>C:\Users\ugl18\source\repos\lab14\3\Source.cpp(8,22): warning C4101: max: неиспользованная локальная переменная
     1>C:\Users\ugl18\source\repos\lab14\3\Source.cpp(8,19): warning C4101: x: неиспользованная локальная переменная
     1>C:\Users\ugl18\source\repos\lab14\3\Source.cpp(8,14): warning C4101: col: неиспользованная локальная переменная
       Link:
         D:\visual studio\Community\VC\Tools\MSVC\14.41.34120\bin\HostX64\x64\link.exe /ERRORREPORT:PROMPT /OUT:"C:\Users\ugl18\source\repos\lab14\x64\Debug\3.exe" /INCREMENTAL /ILK:"x64\Debug\3.ilk" /NOLOGO kernel32.lib user32.lib gdi32.lib winspool.lib comdlg32.lib advapi32.lib shell32.lib ole32.lib oleaut32.lib uuid.lib odbc32.lib odbccp32.lib /MANIFEST /MANIFESTUAC:"level='asInvoker' uiAccess='false'" /manifest:embed /DEBUG /PDB:"C:\Users\ugl18\source\repos\lab14\x64\Debug\3.pdb" /SUBSYSTEM:CONSOLE /TLBID:1 /DYNAMICBASE /NXCOMPAT /IMPLIB:"C:\Users\ugl18\source\repos\lab14\x64\Debug\3.lib" /MACHINE:X64 x64\Debug\Source.obj
         3.vcxproj -> C:\Users\ugl18\source\repos\lab14\x64\Debug\3.exe
       FinalizeBuildStatus:
         Файл "x64\Debug\3.tlog\unsuccessfulbuild" удаляется.
         Обращение к "x64\Debug\3.tlog\3.lastbuildstate".
     1>Сборка проекта "C:\Users\ugl18\source\repos\lab14\3\3.vcxproj" завершена (целевые объекты Build).

Сборка успешно завершена.

       "C:\Users\ugl18\source\repos\lab14\3\3.vcxproj" (целевой объект Build ) (1) ->
       (Целевой объект ClCompile) -> 
         C:\Users\ugl18\source\repos\lab14\3\Source.cpp(8,22): warning C4101: max: неиспользованная локальная переменная
         C:\Users\ugl18\source\repos\lab14\3\Source.cpp(8,19): warning C4101: x: неиспользованная локальная переменная
         C:\Users\ugl18\source\repos\lab14\3\Source.cpp(8,14): warning C4101: col: неиспользованная локальная переменная

    Предупреждений: 3
    Ошибок: 0

Прошло времени 00:00:01.33
