Сборка начата 24.10.2024 22:38:23.
Уровень детализации журнала: Normal.     1>Проект "C:\Users\ugl18\source\repos\USA\USA\USA.vcxproj" в узле 2 (целевые объекты Build).
     1>PrepareForBuild:
         Структурированный вывод включен. Форматирование диагностики компилятора будет отражать иерархию ошибок. Подробнее см. https://aka.ms/cpp/structured-output.
       InitializeBuildStatus:
         Создание "x64\Debug\USA.tlog\unsuccessfulbuild", так как было задано "AlwaysCreate".
         Обращение к "x64\Debug\USA.tlog\unsuccessfulbuild".
       ClCompile:
         D:\visual studio\Community\VC\Tools\MSVC\14.41.34120\bin\HostX64\x64\CL.exe /c /ZI /JMC /nologo /W3 /WX- /diagnostics:column /sdl /Od /D _DEBUG /D _CONSOLE /D _UNICODE /D UNICODE /Gm- /EHsc /RTC1 /MDd /GS /fp:precise /Zc:wchar_t /Zc:forScope /Zc:inline /permissive- /Fo"x64\Debug\\" /Fd"x64\Debug\vc143.pdb" /external:W3 /Gd /TP /FC /errorReport:prompt Source.cpp
         Source.cpp
     1>C:\Users\ugl18\source\repos\USA\USA\Source.cpp(17,10): warning C4244: =: преобразование "int" в "float", возможна потеря данных
     1>C:\Users\ugl18\source\repos\USA\USA\Source.cpp(58,10): warning C4244: =: преобразование "int" в "float", возможна потеря данных
     1>C:\Users\ugl18\source\repos\USA\USA\Source.cpp(99,10): warning C4244: =: преобразование "int" в "float", возможна потеря данных
       Link:
         D:\visual studio\Community\VC\Tools\MSVC\14.41.34120\bin\HostX64\x64\link.exe /ERRORREPORT:PROMPT /OUT:"C:\Users\ugl18\source\repos\USA\x64\Debug\USA.exe" /INCREMENTAL /ILK:"x64\Debug\USA.ilk" /NOLOGO kernel32.lib user32.lib gdi32.lib winspool.lib comdlg32.lib advapi32.lib shell32.lib ole32.lib oleaut32.lib uuid.lib odbc32.lib odbccp32.lib /MANIFEST /MANIFESTUAC:"level='asInvoker' uiAccess='false'" /manifest:embed /DEBUG /PDB:"C:\Users\ugl18\source\repos\USA\x64\Debug\USA.pdb" /SUBSYSTEM:CONSOLE /TLBID:1 /DYNAMICBASE /NXCOMPAT /IMPLIB:"C:\Users\ugl18\source\repos\USA\x64\Debug\USA.lib" /MACHINE:X64 x64\Debug\Source.obj
         USA.vcxproj -> C:\Users\ugl18\source\repos\USA\x64\Debug\USA.exe
       FinalizeBuildStatus:
         Файл "x64\Debug\USA.tlog\unsuccessfulbuild" удаляется.
         Обращение к "x64\Debug\USA.tlog\USA.lastbuildstate".
     1>Сборка проекта "C:\Users\ugl18\source\repos\USA\USA\USA.vcxproj" завершена (целевые объекты Build).

Сборка успешно завершена.

       "C:\Users\ugl18\source\repos\USA\USA\USA.vcxproj" (целевой объект Build ) (1) ->
       (Целевой объект ClCompile) -> 
         C:\Users\ugl18\source\repos\USA\USA\Source.cpp(17,10): warning C4244: =: преобразование "int" в "float", возможна потеря данных
         C:\Users\ugl18\source\repos\USA\USA\Source.cpp(58,10): warning C4244: =: преобразование "int" в "float", возможна потеря данных
         C:\Users\ugl18\source\repos\USA\USA\Source.cpp(99,10): warning C4244: =: преобразование "int" в "float", возможна потеря данных

    Предупреждений: 3
    Ошибок: 0

Прошло времени 00:00:01.18
