Сборка начата 29.11.2024 20:17:13.
Уровень детализации журнала: Normal.     1>Проект "C:\Users\ugl18\source\repos\OAIP16\OAIP16\OAIP16.vcxproj" в узле 2 (целевые объекты Build).
     1>D:\visual studio\Community\MSBuild\Microsoft\VC\v170\Microsoft.CppBuild.targets(531,5): warning MSB8028: промежуточный каталог (x64\Debug\) содержит файлы, которые используются совместно с другим проектом (OAIP16.vcxproj).  Это может привести к ошибкам очистки и перестроения.
         Структурированный вывод включен. Форматирование диагностики компилятора будет отражать иерархию ошибок. Подробнее см. https://aka.ms/cpp/structured-output.
         Создание каталога "x64\Debug\13.2.tlog\".
     1>InitializeBuildStatus:
         Создание "x64\Debug\13.2.tlog\unsuccessfulbuild", так как было задано "AlwaysCreate".
         Обращение к "x64\Debug\13.2.tlog\unsuccessfulbuild".
       ClCompile:
         D:\visual studio\Community\VC\Tools\MSVC\14.41.34120\bin\HostX64\x64\CL.exe /c /ZI /JMC /nologo /W3 /WX- /diagnostics:column /sdl /Od /D _DEBUG /D _CONSOLE /D _UNICODE /D UNICODE /Gm- /EHsc /RTC1 /MDd /GS /fp:precise /Zc:wchar_t /Zc:forScope /Zc:inline /permissive- /Fo"x64\Debug\\" /Fd"x64\Debug\vc143.pdb" /external:W3 /Gd /TP /FC /errorReport:prompt Source.cpp
         Source.cpp
     1>C:\Users\ugl18\source\repos\OAIP16\OAIP16\Source.cpp(10,16): warning C4267: инициализация: преобразование из "size_t" в "int"; возможна потеря данных
       Link:
         D:\visual studio\Community\VC\Tools\MSVC\14.41.34120\bin\HostX64\x64\link.exe /ERRORREPORT:PROMPT /OUT:"C:\Users\ugl18\source\repos\OAIP16\x64\Debug\13.2.exe" /INCREMENTAL /ILK:"x64\Debug\13.2.ilk" /NOLOGO kernel32.lib user32.lib gdi32.lib winspool.lib comdlg32.lib advapi32.lib shell32.lib ole32.lib oleaut32.lib uuid.lib odbc32.lib odbccp32.lib /MANIFEST /MANIFESTUAC:"level='asInvoker' uiAccess='false'" /manifest:embed /DEBUG /PDB:"C:\Users\ugl18\source\repos\OAIP16\x64\Debug\13.2.pdb" /SUBSYSTEM:CONSOLE /TLBID:1 /DYNAMICBASE /NXCOMPAT /IMPLIB:"C:\Users\ugl18\source\repos\OAIP16\x64\Debug\13.2.lib" /MACHINE:X64 x64\Debug\Source.obj
         OAIP16.vcxproj -> C:\Users\ugl18\source\repos\OAIP16\x64\Debug\13.2.exe
       FinalizeBuildStatus:
         Файл "x64\Debug\13.2.tlog\unsuccessfulbuild" удаляется.
         Обращение к "x64\Debug\13.2.tlog\13.2.lastbuildstate".
     1>Сборка проекта "C:\Users\ugl18\source\repos\OAIP16\OAIP16\OAIP16.vcxproj" завершена (целевые объекты Build).

Сборка успешно завершена.

       "C:\Users\ugl18\source\repos\OAIP16\OAIP16\OAIP16.vcxproj" (целевой объект Build ) (1) ->
       (Целевой объект PrepareForBuild) -> 
         D:\visual studio\Community\MSBuild\Microsoft\VC\v170\Microsoft.CppBuild.targets(531,5): warning MSB8028: промежуточный каталог (x64\Debug\) содержит файлы, которые используются совместно с другим проектом (OAIP16.vcxproj).  Это может привести к ошибкам очистки и перестроения.


       "C:\Users\ugl18\source\repos\OAIP16\OAIP16\OAIP16.vcxproj" (целевой объект Build ) (1) ->
       (Целевой объект ClCompile) -> 
         C:\Users\ugl18\source\repos\OAIP16\OAIP16\Source.cpp(10,16): warning C4267: инициализация: преобразование из "size_t" в "int"; возможна потеря данных

    Предупреждений: 2
    Ошибок: 0

Прошло времени 00:00:01.77
