Сборка начата 17.11.2024 18:39:38.
Уровень детализации журнала: Normal.     1>Проект "C:\Users\ugl18\source\repos\LABA13\LABA13\LABA13.vcxproj" в узле 2 (целевые объекты Build).
     1>PrepareForBuild:
         Структурированный вывод включен. Форматирование диагностики компилятора будет отражать иерархию ошибок. Подробнее см. https://aka.ms/cpp/structured-output.
       InitializeBuildStatus:
         Создание "x64\Debug\LABA13.tlog\unsuccessfulbuild", так как было задано "AlwaysCreate".
         Обращение к "x64\Debug\LABA13.tlog\unsuccessfulbuild".
       ClCompile:
         D:\visual studio\Community\VC\Tools\MSVC\14.41.34120\bin\HostX64\x64\CL.exe /c /ZI /JMC /nologo /W3 /WX- /diagnostics:column /sdl /Od /D _DEBUG /D _CONSOLE /D _UNICODE /D UNICODE /Gm- /EHsc /RTC1 /MDd /GS /fp:precise /Zc:wchar_t /Zc:forScope /Zc:inline /permissive- /Fo"x64\Debug\\" /Fd"x64\Debug\vc143.pdb" /external:W3 /Gd /TP /FC /errorReport:prompt Source.cpp
         Source.cpp
     1>C:\Users\ugl18\source\repos\LABA13\LABA13\Source.cpp(9,19): warning C4101: max: неиспользованная локальная переменная
       Link:
         D:\visual studio\Community\VC\Tools\MSVC\14.41.34120\bin\HostX64\x64\link.exe /ERRORREPORT:PROMPT /OUT:"C:\Users\ugl18\source\repos\LABA13\x64\Debug\LABA13.exe" /INCREMENTAL /ILK:"x64\Debug\LABA13.ilk" /NOLOGO kernel32.lib user32.lib gdi32.lib winspool.lib comdlg32.lib advapi32.lib shell32.lib ole32.lib oleaut32.lib uuid.lib odbc32.lib odbccp32.lib /MANIFEST /MANIFESTUAC:"level='asInvoker' uiAccess='false'" /manifest:embed /DEBUG /PDB:"C:\Users\ugl18\source\repos\LABA13\x64\Debug\LABA13.pdb" /SUBSYSTEM:CONSOLE /TLBID:1 /DYNAMICBASE /NXCOMPAT /IMPLIB:"C:\Users\ugl18\source\repos\LABA13\x64\Debug\LABA13.lib" /MACHINE:X64 x64\Debug\Source.obj
         LABA13.vcxproj -> C:\Users\ugl18\source\repos\LABA13\x64\Debug\LABA13.exe
       FinalizeBuildStatus:
         Файл "x64\Debug\LABA13.tlog\unsuccessfulbuild" удаляется.
         Обращение к "x64\Debug\LABA13.tlog\LABA13.lastbuildstate".
     1>Сборка проекта "C:\Users\ugl18\source\repos\LABA13\LABA13\LABA13.vcxproj" завершена (целевые объекты Build).

Сборка успешно завершена.

       "C:\Users\ugl18\source\repos\LABA13\LABA13\LABA13.vcxproj" (целевой объект Build ) (1) ->
       (Целевой объект ClCompile) -> 
         C:\Users\ugl18\source\repos\LABA13\LABA13\Source.cpp(9,19): warning C4101: max: неиспользованная локальная переменная

    Предупреждений: 1
    Ошибок: 0

Прошло времени 00:00:02.12
