Сборка начата 17.11.2024 18:34:47.
Уровень детализации журнала: Normal.     1>Проект "C:\Users\ugl18\source\repos\LABA13\ex\ex.vcxproj" в узле 2 (целевые объекты Build).
     1>PrepareForBuild:
         Структурированный вывод включен. Форматирование диагностики компилятора будет отражать иерархию ошибок. Подробнее см. https://aka.ms/cpp/structured-output.
       InitializeBuildStatus:
         Создание "x64\Debug\ex.tlog\unsuccessfulbuild", так как было задано "AlwaysCreate".
         Обращение к "x64\Debug\ex.tlog\unsuccessfulbuild".
       ClCompile:
         D:\visual studio\Community\VC\Tools\MSVC\14.41.34120\bin\HostX64\x64\CL.exe /c /ZI /JMC /nologo /W3 /WX- /diagnostics:column /sdl /Od /D _DEBUG /D _CONSOLE /D _UNICODE /D UNICODE /Gm- /EHsc /RTC1 /MDd /GS /fp:precise /Zc:wchar_t /Zc:forScope /Zc:inline /permissive- /Fo"x64\Debug\\" /Fd"x64\Debug\vc143.pdb" /external:W3 /Gd /TP /FC /errorReport:prompt Source.cpp
         Source.cpp
     1>C:\Users\ugl18\source\repos\LABA13\ex\Source.cpp(19,24): warning C4267: инициализация: преобразование из "size_t" в "int"; возможна потеря данных
     1>C:\Users\ugl18\source\repos\LABA13\ex\Source.cpp(11,9): warning C4101: k: неиспользованная локальная переменная
     1>C:\Users\ugl18\source\repos\LABA13\ex\Source.cpp(10,45): warning C4101: max: неиспользованная локальная переменная
       Link:
         D:\visual studio\Community\VC\Tools\MSVC\14.41.34120\bin\HostX64\x64\link.exe /ERRORREPORT:PROMPT /OUT:"C:\Users\ugl18\source\repos\LABA13\x64\Debug\ex.exe" /INCREMENTAL /ILK:"x64\Debug\ex.ilk" /NOLOGO kernel32.lib user32.lib gdi32.lib winspool.lib comdlg32.lib advapi32.lib shell32.lib ole32.lib oleaut32.lib uuid.lib odbc32.lib odbccp32.lib /MANIFEST /MANIFESTUAC:"level='asInvoker' uiAccess='false'" /manifest:embed /DEBUG /PDB:"C:\Users\ugl18\source\repos\LABA13\x64\Debug\ex.pdb" /SUBSYSTEM:CONSOLE /TLBID:1 /DYNAMICBASE /NXCOMPAT /IMPLIB:"C:\Users\ugl18\source\repos\LABA13\x64\Debug\ex.lib" /MACHINE:X64 x64\Debug\Source.obj
         ex.vcxproj -> C:\Users\ugl18\source\repos\LABA13\x64\Debug\ex.exe
       FinalizeBuildStatus:
         Файл "x64\Debug\ex.tlog\unsuccessfulbuild" удаляется.
         Обращение к "x64\Debug\ex.tlog\ex.lastbuildstate".
     1>Сборка проекта "C:\Users\ugl18\source\repos\LABA13\ex\ex.vcxproj" завершена (целевые объекты Build).

Сборка успешно завершена.

       "C:\Users\ugl18\source\repos\LABA13\ex\ex.vcxproj" (целевой объект Build ) (1) ->
       (Целевой объект ClCompile) -> 
         C:\Users\ugl18\source\repos\LABA13\ex\Source.cpp(19,24): warning C4267: инициализация: преобразование из "size_t" в "int"; возможна потеря данных
         C:\Users\ugl18\source\repos\LABA13\ex\Source.cpp(11,9): warning C4101: k: неиспользованная локальная переменная
         C:\Users\ugl18\source\repos\LABA13\ex\Source.cpp(10,45): warning C4101: max: неиспользованная локальная переменная

    Предупреждений: 3
    Ошибок: 0

Прошло времени 00:00:02.04
